
Replica exchange at step 249998400 time 499996.81250
Repl ex  0    1    2    3 x  4    5 x  6    7 x  8    9
Repl pr        .59       .65       1.0       .61     

Replica exchange at step 249998800 time 499997.59375
Repl 0 <-> 1  dE_term =  0.000e+00 (kT)
  dpV = -0.000e+00  d =  0.000e+00
dplumed =  8.018e-01  dE_Term =  8.018e-01 (kT)
Repl ex  0 x  1    2 x  3    4    5    6 x  7    8 x  9
Repl pr   .45       .85       .30       1.0       1.0

Replica exchange at step 249999200 time 499998.40625
Repl ex  0    1 x  2    3 x  4    5 x  6    7 x  8    9
Repl pr        .45       .70       1.0       .66     

Replica exchange at step 249999600 time 499999.18750
Repl 0 <-> 1  dE_term = -0.000e+00 (kT)
  dpV =  0.000e+00  d =  0.000e+00
dplumed =  7.141e-01  dE_Term =  7.141e-01 (kT)
Repl ex  0    1    2    3    4    5    6    7    8 x  9
Repl pr   .49       .10       .25       .29       .45

           Step           Time
      250000000   500000.00000

Writing checkpoint, step 250000000 at Fri May 14 03:26:50 2021


   Energies (kJ/mol)
          Angle    Proper Dih.  Improper Dih.          LJ-14     Coulomb-14
    3.21465e+02    5.34140e+02    3.00169e+01    1.73309e+02    3.52755e+03
        LJ (SR)  Disper. corr.   Coulomb (SR)   Coul. recip.      Potential
    4.83064e+04   -1.48764e+03   -3.31375e+05    7.98781e+02   -2.79171e+05
    Kinetic En.   Total Energy  Conserved En.    Temperature Pres. DC (bar)
    4.41781e+04   -2.34993e+05   -1.04230e+06    3.02104e+02   -1.41616e+02
 Pressure (bar)   Constr. rmsd
   -1.17748e+02    2.58571e-05

	<======  ###############  ==>
	<====  A V E R A G E S  ====>
	<==  ###############  ======>

	Statistics over 250000001 steps using 2500001 frames

   Energies (kJ/mol)
          Angle    Proper Dih.  Improper Dih.          LJ-14     Coulomb-14
    3.28423e+02    5.42148e+02    3.32723e+01    1.70230e+02    3.47726e+03
        LJ (SR)  Disper. corr.   Coulomb (SR)   Coul. recip.      Potential
    4.89833e+04   -1.47780e+03   -3.31530e+05    7.67805e+02   -2.78705e+05
    Kinetic En.   Total Energy  Conserved En.    Temperature Pres. DC (bar)
    4.38550e+04   -2.34850e+05   -6.42788e+05    2.99895e+02   -1.39753e+02
 Pressure (bar)   Constr. rmsd
    1.20112e+00    0.00000e+00

          Box-X          Box-Y          Box-Z
    5.60075e+00    5.59977e+00    5.60173e+00

   Total Virial (kJ/mol)
    1.46145e+04   -1.32932e-01   -5.31801e-01
   -1.30770e-01    1.46123e+04   -1.46742e-01
   -5.29425e-01   -1.48896e-01    1.46134e+04

   Pressure (bar)
    1.02372e+00    5.29196e-02    7.18261e-02
    5.25184e-02    1.38010e+00    2.78901e-02
    7.13831e-02    2.82979e-02    1.19955e+00

      T-Protein  T-non-Protein
    2.98989e+02    2.99904e+02


Replica exchange statistics
Repl  624999 attempts, 312500 odd, 312499 even
Repl  average probabilities:
Repl     0    1    2    3    4    5    6    7    8    9
Repl      .59  .68  .58  .67  .56  .66  .65  .64  .75
Repl  number of exchanges:
Repl     0    1    2    3    4    5    6    7    8    9
Repl     185680 213492 181304 209275 176160 204696 202077 199750 234254
Repl  average number of exchanges:
Repl     0    1    2    3    4    5    6    7    8    9
Repl      .59  .68  .58  .67  .56  .66  .65  .64  .75


Repl                                        Empirical Transition Matrix
Repl       1       2       3       4       5       6       7       8       9      10
Repl  0.7029  0.2971  0.0000  0.0000  0.0000  0.0000  0.0000  0.0000  0.0000  0.0000  0
Repl  0.2971  0.3613  0.3416  0.0000  0.0000  0.0000  0.0000  0.0000  0.0000  0.0000  1
Repl  0.0000  0.3416  0.3683  0.2901  0.0000  0.0000  0.0000  0.0000  0.0000  0.0000  2
Repl  0.0000  0.0000  0.2901  0.3751  0.3348  0.0000  0.0000  0.0000  0.0000  0.0000  3
Repl  0.0000  0.0000  0.0000  0.3348  0.3833  0.2819  0.0000  0.0000  0.0000  0.0000  4
Repl  0.0000  0.0000  0.0000  0.0000  0.2819  0.3906  0.3275  0.0000  0.0000  0.0000  5
Repl  0.0000  0.0000  0.0000  0.0000  0.0000  0.3275  0.3492  0.3233  0.0000  0.0000  6
Repl  0.0000  0.0000  0.0000  0.0000  0.0000  0.0000  0.3233  0.3571  0.3196  0.0000  7
Repl  0.0000  0.0000  0.0000  0.0000  0.0000  0.0000  0.0000  0.3196  0.3056  0.3748  8
Repl  0.0000  0.0000  0.0000  0.0000  0.0000  0.0000  0.0000  0.0000  0.3748  0.6252  9

	M E G A - F L O P S   A C C O U N T I N G

 NB=Group-cutoff nonbonded kernels    NxN=N-by-N cluster Verlet kernels
 RF=Reaction-Field  VdW=Van der Waals  QSTab=quadratic-spline table
 W3=SPC/TIP3p  W4=TIP4p (single or pairs)
 V&F=Potential and force  V=Potential only  F=Force only

 Computing:                               M-Number         M-Flops  % Flops
-----------------------------------------------------------------------------
 Pair Search distance check        10545483.338576    94909350.047     0.0
 NxN Ewald Elec. + LJ [F]         9494235944.069183 626619572308.566    97.9
 NxN Ewald Elec. + LJ [V&F]       119875581.504000 12826687220.928     2.0
 1,4 nonbonded interactions          108019.375000     9721743.750     0.0
 Shift-X                              77450.047920      464700.288     0.0
 Angles                               77443.125000    13010445.000     0.0
 Propers                             118044.375000    27032161.875     0.0
 Impropers                            12280.625000     2554370.000     0.0
 Virial                              600624.375000    10811238.750     0.0
 Stop-CM                              58485.023394      584850.234     0.0
 Calc-Ekin                          1174043.844708    31699183.807     0.0
 Lincs                                43250.000173     2595000.010     0.0
 Lincs-Mat                           927000.003708     3708000.015     0.0
 Constraint-V                       4440250.017761    35522000.142     0.0
 Constraint-Vir                      439700.017588    10552800.422     0.0
 Settle                             1451250.005805   468753751.875     0.1
 Virtual Site 3                     1603631.250000    59334356.250     0.0
-----------------------------------------------------------------------------
 Total                                             640217513481.959   100.0
-----------------------------------------------------------------------------


     R E A L   C Y C L E   A N D   T I M E   A C C O U N T I N G

On 1 MPI rank, each using 10 OpenMP threads

 Computing:          Num   Num      Call    Wall time         Giga-Cycles
                     Ranks Threads  Count      (s)         total sum    %
-----------------------------------------------------------------------------
 Vsite constr.          1   10  250000001   10701.307     246130.252   1.6
 Neighbor search        1   10    3310680   10173.844     233998.610   1.5
 Launch GPU ops.        1   10  501250000   56372.223    1296562.188   8.6
 Force                  1   10  250625000    7405.929     170336.511   1.1
 Wait PME GPU gather    1   10  250625000  143691.484    3304906.825  21.9
 Reduce GPU PME F       1   10  250625000    3306.903      76058.823   0.5
 Wait GPU NB local      1   10  250625000  294150.800    6765473.903  44.8
 NB X/F buffer ops.     1   10  497939320   12528.290     288150.912   1.9
 Vsite spread           1   10  276250000   15831.376     364121.944   2.4
 Write traj.            1   10       1730     178.043       4095.003   0.0
 Update                 1   10  250000001    9557.453     219821.606   1.5
 Constraints            1   10  250000001   14505.026     333615.878   2.2
 Rest                                       78015.176    1794350.513  11.9
-----------------------------------------------------------------------------
 Total                                     656417.857   15097622.969 100.0
-----------------------------------------------------------------------------

               Core t (s)   Wall t (s)        (%)
       Time:  6564177.561   656417.857     1000.0
                         7d14h20:17
                 (ns/day)    (hour/ns)
Performance:       65.812        0.365
Finished mdrun on rank 0 Fri May 14 03:26:53 2021

PLUMED:                                               Cycles        Total      Average      Minumum      Maximum
PLUMED:                                                    1 10567.998816 10567.998816 10567.998816 10567.998816
PLUMED: 1 Prepare dependencies                     251249999    61.824584     0.000000     0.000000     0.004041
PLUMED: 3 Waiting for data                            624999     0.863792     0.000001     0.000000     0.000134
